<?xml version="1.0" encoding="UTF-8"?>
<testsuite name="de.Ibsys.ibsys.ProductsDBTest" tests="1" skipped="0" failures="0" errors="0" timestamp="2023-06-22T19:22:34" hostname="DESKTOP-0OBUJQK" time="1.011">
  <properties/>
  <testcase name="testGetProducts()" classname="de.Ibsys.ibsys.ProductsDBTest" time="1.011"/>
  <system-out><![CDATA[21:22:29.264 [Test worker] DEBUG org.springframework.boot.test.context.SpringBootTestContextBootstrapper -- Neither @ContextConfiguration nor @ContextHierarchy found for test class [ProductsDBTest]: using SpringBootContextLoader
21:22:29.278 [Test worker] DEBUG org.springframework.test.context.support.AbstractContextLoader -- Could not detect default resource locations for test class [de.Ibsys.ibsys.ProductsDBTest]: no resource found for suffixes {-context.xml, Context.groovy}.
21:22:29.279 [Test worker] INFO org.springframework.test.context.support.AnnotationConfigContextLoaderUtils -- Could not detect default configuration classes for test class [de.Ibsys.ibsys.ProductsDBTest]: ProductsDBTest does not declare any static, non-private, non-final, nested classes annotated with @Configuration.
21:22:29.326 [Test worker] DEBUG org.springframework.boot.test.context.SpringBootTestContextBootstrapper -- Using ContextCustomizers for test class [ProductsDBTest]: [DisableObservabilityContextCustomizer, PropertyMappingContextCustomizer, Customizer, ExcludeFilterContextCustomizer, DuplicateJsonObjectContextCustomizer, MockitoContextCustomizer, TestRestTemplateContextCustomizer]
21:22:29.468 [Test worker] DEBUG org.springframework.context.annotation.ClassPathScanningCandidateComponentProvider -- Identified candidate component class: file [C:\Users\inesr\IdeaProjects\IbsysBackend\build\classes\java\main\de\Ibsys\ibsys\IbsysApplication.class]
21:22:29.470 [Test worker] INFO org.springframework.boot.test.context.SpringBootTestContextBootstrapper -- Found @SpringBootConfiguration de.Ibsys.ibsys.IbsysApplication for test class de.Ibsys.ibsys.ProductsDBTest
21:22:29.664 [Test worker] DEBUG org.springframework.boot.test.context.SpringBootTestContextBootstrapper -- Using TestExecutionListeners for test class [ProductsDBTest]: [ServletTestExecutionListener, DirtiesContextBeforeModesTestExecutionListener, ApplicationEventsTestExecutionListener, MockitoTestExecutionListener, DependencyInjectionTestExecutionListener, DirtiesContextTestExecutionListener, TransactionalTestExecutionListener, SqlScriptsTestExecutionListener, EventPublishingTestExecutionListener, RestDocsTestExecutionListener, MockRestServiceServerResetTestExecutionListener, MockMvcPrintOnlyOnFailureTestExecutionListener, WebDriverTestExecutionListener, MockWebServiceServerTestExecutionListener, ResetMocksTestExecutionListener]
21:22:29.667 [Test worker] DEBUG org.springframework.test.context.support.AbstractDirtiesContextTestExecutionListener -- Before test class: class [ProductsDBTest], class annotated with @DirtiesContext [false] with mode [null]

  .   ____          _            __ _ _
 /\\ / ___'_ __ _ _(_)_ __  __ _ \ \ \ \
( ( )\___ | '_ | '_| | '_ \/ _` | \ \ \ \
 \\/  ___)| |_)| | | | | || (_| |  ) ) ) )
  '  |____| .__|_| |_|_| |_\__, | / / / /
 =========|_|==============|___/=/_/_/_/
 :: Spring Boot ::                (v3.0.6)

2023-06-22T21:22:30.220+02:00  INFO 29320 --- [    Test worker] de.Ibsys.ibsys.ProductsDBTest            : Starting ProductsDBTest using Java 17.0.1 with PID 29320 (started by inesr in C:\Users\inesr\IdeaProjects\IbsysBackend)
2023-06-22T21:22:30.222+02:00  INFO 29320 --- [    Test worker] de.Ibsys.ibsys.ProductsDBTest            : No active profile set, falling back to 1 default profile: "default"
2023-06-22T21:22:32.633+02:00  WARN 29320 --- [    Test worker] com.zaxxer.hikari.HikariConfig           : HikariPool-1 - idleTimeout has been set but has no effect because the pool is operating as a fixed size pool.
2023-06-22T21:22:32.641+02:00  INFO 29320 --- [    Test worker] com.zaxxer.hikari.HikariDataSource       : HikariPool-1 - Starting...
2023-06-22T21:22:33.619+02:00  INFO 29320 --- [    Test worker] com.zaxxer.hikari.HikariDataSource       : HikariPool-1 - Start completed.
2023-06-22T21:22:34.821+02:00  INFO 29320 --- [    Test worker] de.Ibsys.ibsys.ProductsDBTest            : Started ProductsDBTest in 5.07 seconds (process running for 7.16)
29
]]></system-out>
  <system-err><![CDATA[]]></system-err>
</testsuite>
